Unity Editor version:    2022.3.17f1 (4fc78088f837)
Branch:                  2022.3/staging
Build type:              Release
Batch mode:              YES
macOS version:           Version 13.6.4 (Build 22G513)
Darwin version:          22.6.0
Architecture:            arm64
Running under Rosetta:   NO
Available memory:        32768 MB
Using pre-set license
Pro License: YES

COMMAND LINE ARGUMENTS:
/Applications/Unity/Hub/Editor/2022.3.17f1/Unity.app/Contents/MacOS/Unity
-adb2
-batchMode
-noUpm
-name
AssetImportWorker0
-projectPath
/Users/cka30181/workspaces/UnityProjects/MyRTSGame
-logFile
Logs/AssetImportWorker0.log
-srvPort
59099
Successfully changed project path to: /Users/cka30181/workspaces/UnityProjects/MyRTSGame
/Users/cka30181/workspaces/UnityProjects/MyRTSGame
[UnityMemory] Configuration Parameters - Can be set up in boot.config
    "memorysetup-bucket-allocator-granularity=16"
    "memorysetup-bucket-allocator-bucket-count=8"
    "memorysetup-bucket-allocator-block-size=33554432"
    "memorysetup-bucket-allocator-block-count=8"
    "memorysetup-main-allocator-block-size=16777216"
    "memorysetup-thread-allocator-block-size=16777216"
    "memorysetup-gfx-main-allocator-block-size=16777216"
    "memorysetup-gfx-thread-allocator-block-size=16777216"
    "memorysetup-cache-allocator-block-size=4194304"
    "memorysetup-typetree-allocator-block-size=2097152"
    "memorysetup-profiler-bucket-allocator-granularity=16"
    "memorysetup-profiler-bucket-allocator-bucket-count=8"
    "memorysetup-profiler-bucket-allocator-block-size=33554432"
    "memorysetup-profiler-bucket-allocator-block-count=8"
    "memorysetup-profiler-allocator-block-size=16777216"
    "memorysetup-profiler-editor-allocator-block-size=1048576"
    "memorysetup-temp-allocator-size-main=16777216"
    "memorysetup-job-temp-allocator-block-size=2097152"
    "memorysetup-job-temp-allocator-block-size-background=1048576"
    "memorysetup-job-temp-allocator-reduction-small-platforms=262144"
    "memorysetup-allocator-temp-initial-block-size-main=262144"
    "memorysetup-allocator-temp-initial-block-size-worker=262144"
    "memorysetup-temp-allocator-size-background-worker=32768"
    "memorysetup-temp-allocator-size-job-worker=262144"
    "memorysetup-temp-allocator-size-preload-manager=33554432"
    "memorysetup-temp-allocator-size-nav-mesh-worker=65536"
    "memorysetup-temp-allocator-size-audio-worker=65536"
    "memorysetup-temp-allocator-size-cloud-worker=32768"
    "memorysetup-temp-allocator-size-gi-baking-worker=262144"
    "memorysetup-temp-allocator-size-gfx=262144"
Player connection [8424579328] Host "[IP] 192.168.2.31 [Port] 0 [Flags] 2 [Guid] 2924654480 [EditorId] 2924654480 [Version] 1048832 [Id] OSXEditor(0,BA92-XDKQG2P3MX) [Debug] 1 [PackageName] OSXEditor [ProjectName] Editor" joined multi-casting on [225.0.0.222:54997]...

Player connection [8424579328] Host "[IP] 192.168.2.31 [Port] 0 [Flags] 2 [Guid] 2924654480 [EditorId] 2924654480 [Version] 1048832 [Id] OSXEditor(0,BA92-XDKQG2P3MX) [Debug] 1 [PackageName] OSXEditor [ProjectName] Editor" joined alternative multi-casting on [225.0.0.222:34997]...

[Physics::Module] Initialized MultithreadedJobDispatcher with 9 workers.
Refreshing native plugins compatible for Editor in 11.90 ms, found 2 plugins.
Preloading 0 native plugins for Editor in 0.00 ms.
Initialize engine version: 2022.3.17f1 (4fc78088f837)
[Subsystems] Discovering subsystems at path /Applications/Unity/Hub/Editor/2022.3.17f1/Unity.app/Contents/Resources/UnitySubsystems
[Subsystems] Discovering subsystems at path /Users/cka30181/workspaces/UnityProjects/MyRTSGame/Assets
GfxDevice: creating device client; threaded=0; jobified=0
 preferred device: Apple M1 Pro (high power)
Metal devices available: 1
0: Apple M1 Pro (high power)
Using device Apple M1 Pro (high power)
Initializing Metal device caps: Apple M1 Pro
Initialize mono
Mono path[0] = '/Applications/Unity/Hub/Editor/2022.3.17f1/Unity.app/Contents/Managed'
Mono path[1] = '/Applications/Unity/Hub/Editor/2022.3.17f1/Unity.app/Contents/MonoBleedingEdge/lib/mono/unityjit-macos'
Mono config path = '/Applications/Unity/Hub/Editor/2022.3.17f1/Unity.app/Contents/MonoBleedingEdge/etc'
Using monoOptions --debugger-agent=transport=dt_socket,embedding=1,server=y,suspend=n,address=127.0.0.1:56423
Begin MonoManager ReloadAssembly
Registering precompiled unity dll's ...
Register platform support module: /Applications/Unity/Hub/Editor/2022.3.17f1/Unity.app/Contents/PlaybackEngines/MacStandaloneSupport/UnityEditor.OSXStandalone.Extensions.dll
Register platform support module: /Applications/Unity/Hub/Editor/2022.3.17f1/PlaybackEngines/AndroidPlayer/UnityEditor.Android.Extensions.dll
Register platform support module: /Applications/Unity/Hub/Editor/2022.3.17f1/PlaybackEngines/iOSSupport/UnityEditor.iOS.Extensions.dll
Register platform support module: /Applications/Unity/Hub/Editor/2022.3.17f1/PlaybackEngines/WindowsStandaloneSupport/UnityEditor.WindowsStandalone.Extensions.dll
Registered in 0.005361 seconds.
- Loaded All Assemblies, in  0.353 seconds
Native extension for WindowsStandalone target not found
[usbmuxd] Start listen thread
[usbmuxd] Listen thread started
[usbmuxd] Send listen message
[usbmuxd] Attached: 453 00008030-001E1DCE1E90802E
Native extension for iOS target not found
Native extension for Android target not found
An ADB process has shut down when we were accessing it, the following System.ArgumentOutOfRangeException has been thrown: Index was out of range. Must be non-negative and less than the size of the collection.
Parameter name: index.
Android Extension - Scanning For ADB Devices 147 ms
Native extension for OSXStandalone target not found
Mono: successfully reloaded assembly
- Finished resetting the current domain, in  0.460 seconds
Domain Reload Profiling: 813ms
	BeginReloadAssembly (129ms)
		ExecutionOrderSort (0ms)
		DisableScriptedObjects (0ms)
		BackupInstance (0ms)
		ReleaseScriptingObjects (0ms)
		CreateAndSetChildDomain (0ms)
	RebuildCommonClasses (32ms)
	RebuildNativeTypeToScriptingClass (9ms)
	initialDomainReloadingComplete (38ms)
	LoadAllAssembliesAndSetupDomain (145ms)
		LoadAssemblies (141ms)
		RebuildTransferFunctionScriptingTraits (0ms)
		AnalyzeDomain (131ms)
			TypeCache.Refresh (130ms)
				TypeCache.ScanAssembly (118ms)
			ScanForSourceGeneratedMonoScriptInfo (0ms)
			ResolveRequiredComponents (0ms)
	FinalizeReload (460ms)
		ReleaseScriptCaches (0ms)
		RebuildScriptCaches (0ms)
		SetupLoadedEditorAssemblies (415ms)
			LogAssemblyErrors (0ms)
			InitializePlatformSupportModulesInManaged (306ms)
			SetLoadedEditorAssemblies (3ms)
			RefreshPlugins (0ms)
			BeforeProcessingInitializeOnLoad (1ms)
			ProcessInitializeOnLoadAttributes (74ms)
			ProcessInitializeOnLoadMethodAttributes (29ms)
			AfterProcessingInitializeOnLoad (0ms)
			EditorAssembliesLoaded (0ms)
		ExecutionOrderSort2 (0ms)
		AwakeInstancesAfterBackupRestoration (0ms)
========================================================================
Worker process is ready to serve import requests
Begin MonoManager ReloadAssembly
- Loaded All Assemblies, in  0.594 seconds
Refreshing native plugins compatible for Editor in 2.01 ms, found 2 plugins.
Native extension for WindowsStandalone target not found
Native extension for iOS target not found
Native extension for Android target not found
Native extension for OSXStandalone target not found
Package Manager log level set to [2]
[Package Manager] Server::EnsureServerProcessIsRunning -- launch failed, reason: Unity was launched with the -noUpm command-line argument
[Package Manager] UpmClient::Send -- Unable to send message (not connected to UPM process).
[Package Manager] Cannot connect to Unity Package Manager local server
Mono: successfully reloaded assembly
- Finished resetting the current domain, in  0.523 seconds
Domain Reload Profiling: 1117ms
	BeginReloadAssembly (120ms)
		ExecutionOrderSort (0ms)
		DisableScriptedObjects (3ms)
		BackupInstance (0ms)
		ReleaseScriptingObjects (0ms)
		CreateAndSetChildDomain (20ms)
	RebuildCommonClasses (29ms)
	RebuildNativeTypeToScriptingClass (9ms)
	initialDomainReloadingComplete (27ms)
	LoadAllAssembliesAndSetupDomain (408ms)
		LoadAssemblies (330ms)
		RebuildTransferFunctionScriptingTraits (0ms)
		AnalyzeDomain (151ms)
			TypeCache.Refresh (138ms)
				TypeCache.ScanAssembly (123ms)
			ScanForSourceGeneratedMonoScriptInfo (8ms)
			ResolveRequiredComponents (3ms)
	FinalizeReload (523ms)
		ReleaseScriptCaches (0ms)
		RebuildScriptCaches (0ms)
		SetupLoadedEditorAssemblies (380ms)
			LogAssemblyErrors (0ms)
			InitializePlatformSupportModulesInManaged (26ms)
			SetLoadedEditorAssemblies (4ms)
			RefreshPlugins (0ms)
			BeforeProcessingInitializeOnLoad (40ms)
			ProcessInitializeOnLoadAttributes (298ms)
			ProcessInitializeOnLoadMethodAttributes (12ms)
			AfterProcessingInitializeOnLoad (1ms)
			EditorAssembliesLoaded (0ms)
		ExecutionOrderSort2 (0ms)
		AwakeInstancesAfterBackupRestoration (2ms)
Launching external process: /Applications/Unity/Hub/Editor/2022.3.17f1/Unity.app/Contents/Tools/UnityShaderCompiler
Launched and connected shader compiler UnityShaderCompiler after 0.06 seconds
Refreshing native plugins compatible for Editor in 2.40 ms, found 2 plugins.
Preloading 0 native plugins for Editor in 0.00 ms.
Unloading 3203 Unused Serialized files (Serialized files now loaded: 0)
Unloading 31 unused Assets / (29.7 KB). Loaded Objects now: 3689.
Memory consumption went from 156.2 MB to 156.1 MB.
Total: 2.814125 ms (FindLiveObjects: 0.109292 ms CreateObjectMapping: 0.037625 ms MarkObjects: 2.606083 ms  DeleteObjects: 0.060584 ms)

AssetImportParameters requested are different than current active one (requested -> active):
  custom:container-demuxer-ogg: 62fdf1f143b41e24485cea50d1cbac27 -> 
  custom:video-decoder-ogg-theora: a1e56fd34408186e4bbccfd4996cb3dc -> 
  custom:CustomObjectIndexerAttribute: 6d391050e5a25f67b0a2c618074f2cd9 -> 
  custom:container-demuxer-webm: 4f35f7cbe854078d1ac9338744f61a02 -> 
  custom:container-muxer-webm: aa71ff27fc2769a1b78a27578f13a17b -> 
  custom:video-decoder-webm-vp8: 9c59270c3fd7afecdb556c50c9e8de78 -> 
  custom:SearchIndexIgnoredProperties: e643bd26f0fe6173181afceb89e7c659 -> 
  custom:AudioImporter_EditorPlatform: 3918e3fc78b5a79bad01e8451be0beb8 -> 
  custom:framework-osx-AVFoundation: e770b220cccbd017edd2c1fefb359320 -> 
  custom:video-encoder-webm-vp8: eb34c28f22e8b96e1ab97ce403110664 -> 
  custom:audio-decoder-ogg-vorbis: bf7c407c2cedff20999df2af8eb42d56 -> 
  custom:audio-encoder-webm-vorbis: bf7c407c2cedff20999df2af8eb42d56 -> 
========================================================================
Received Import Request.
  Time since last request: 676072.977736 seconds.
  path: Assets/Prefabs/Buildings/FoundationAssets/ButcherFoundation.prefab
  artifactKey: Guid(58e6a09ffa86c4cdd8f824f817c29c40) Importer(815301076,1909f56bfc062723c751e8b465ee728b)
Start importing Assets/Prefabs/Buildings/FoundationAssets/ButcherFoundation.prefab using Guid(58e6a09ffa86c4cdd8f824f817c29c40) Importer(815301076,1909f56bfc062723c751e8b465ee728b)  -> (artifact id: 'd9533835358c467745fb73df9085e044') in 0.091385 seconds
Number of updated asset objects reloaded before import = 0
Number of asset objects unloaded after import = 9
========================================================================
Received Import Request.
  Time since last request: 82.620763 seconds.
  path: Assets/Prefabs/Buildings/WheatFarm 1.prefab
  artifactKey: Guid(fcf69de6b6fa641049b63b62baa4bf70) Importer(815301076,1909f56bfc062723c751e8b465ee728b)
Start importing Assets/Prefabs/Buildings/WheatFarm 1.prefab using Guid(fcf69de6b6fa641049b63b62baa4bf70) Importer(815301076,1909f56bfc062723c751e8b465ee728b)  -> (artifact id: 'e28484a7665146735c8ae6633b213156') in 0.003607 seconds
Number of updated asset objects reloaded before import = 0
Number of asset objects unloaded after import = 7
========================================================================
Received Import Request.
  Time since last request: 4.855031 seconds.
  path: Assets/Prefabs/Buildings/School.prefab
  artifactKey: Guid(fcf69de6b6fa641049b63b62baa4bf70) Importer(815301076,1909f56bfc062723c751e8b465ee728b)
Start importing Assets/Prefabs/Buildings/School.prefab using Guid(fcf69de6b6fa641049b63b62baa4bf70) Importer(815301076,1909f56bfc062723c751e8b465ee728b)  -> (artifact id: 'd56911f49cf6b48f36fef28c1ca1a23e') in 0.007851 seconds
Number of updated asset objects reloaded before import = 0
Number of asset objects unloaded after import = 7
========================================================================
Received Import Request.
  Time since last request: 10.973580 seconds.
  path: Assets/Prefabs/Buildings/School.prefab
  artifactKey: Guid(fcf69de6b6fa641049b63b62baa4bf70) Importer(815301076,1909f56bfc062723c751e8b465ee728b)
Start importing Assets/Prefabs/Buildings/School.prefab using Guid(fcf69de6b6fa641049b63b62baa4bf70) Importer(815301076,1909f56bfc062723c751e8b465ee728b)  -> (artifact id: 'a151ade54cc1f5a4125bdc321ac481d2') in 0.001925 seconds
Number of updated asset objects reloaded before import = 0
Number of asset objects unloaded after import = 5
========================================================================
Received Import Request.
  Time since last request: 18.861301 seconds.
  path: Assets/Prefabs/Buildings/School.prefab
  artifactKey: Guid(fcf69de6b6fa641049b63b62baa4bf70) Importer(815301076,1909f56bfc062723c751e8b465ee728b)
Start importing Assets/Prefabs/Buildings/School.prefab using Guid(fcf69de6b6fa641049b63b62baa4bf70) Importer(815301076,1909f56bfc062723c751e8b465ee728b)  -> (artifact id: '1310e58b1c4ab859c780ed4c7d52a846') in 0.001960 seconds
Number of updated asset objects reloaded before import = 0
Number of asset objects unloaded after import = 6
========================================================================
Received Import Request.
  Time since last request: 1.483916 seconds.
  path: Assets/Prefabs/Buildings/School.prefab
  artifactKey: Guid(fcf69de6b6fa641049b63b62baa4bf70) Importer(815301076,1909f56bfc062723c751e8b465ee728b)
Start importing Assets/Prefabs/Buildings/School.prefab using Guid(fcf69de6b6fa641049b63b62baa4bf70) Importer(815301076,1909f56bfc062723c751e8b465ee728b)  -> (artifact id: 'd0e9e14f10fd4ef4747c8371b6cd7d72') in 0.002345 seconds
Number of updated asset objects reloaded before import = 0
Number of asset objects unloaded after import = 7
========================================================================
Received Import Request.
  Time since last request: 14.270637 seconds.
  path: Assets/Prefabs/Buildings/School 1.prefab
  artifactKey: Guid(366814349ccef4e91a3b343a33dc8f9e) Importer(815301076,1909f56bfc062723c751e8b465ee728b)
Start importing Assets/Prefabs/Buildings/School 1.prefab using Guid(366814349ccef4e91a3b343a33dc8f9e) Importer(815301076,1909f56bfc062723c751e8b465ee728b)  -> (artifact id: '74df0c6f9faa9004c665c18b43194518') in 0.001808 seconds
Number of updated asset objects reloaded before import = 0
Number of asset objects unloaded after import = 7
========================================================================
Received Import Request.
  Time since last request: 6.947464 seconds.
  path: Assets/Prefabs/Buildings/Restaurant.prefab
  artifactKey: Guid(366814349ccef4e91a3b343a33dc8f9e) Importer(815301076,1909f56bfc062723c751e8b465ee728b)
Start importing Assets/Prefabs/Buildings/Restaurant.prefab using Guid(366814349ccef4e91a3b343a33dc8f9e) Importer(815301076,1909f56bfc062723c751e8b465ee728b)  -> (artifact id: '79ebeb3c2ef85e557f9509a84c94bb1c') in 0.002175 seconds
Number of updated asset objects reloaded before import = 0
Number of asset objects unloaded after import = 7
========================================================================
Received Import Request.
  Time since last request: 4.205305 seconds.
  path: Assets/Prefabs/Buildings/Restaurant.prefab
  artifactKey: Guid(366814349ccef4e91a3b343a33dc8f9e) Importer(815301076,1909f56bfc062723c751e8b465ee728b)
Start importing Assets/Prefabs/Buildings/Restaurant.prefab using Guid(366814349ccef4e91a3b343a33dc8f9e) Importer(815301076,1909f56bfc062723c751e8b465ee728b)  -> (artifact id: 'a39063a1a782c54470ac41563718d9db') in 0.001446 seconds
Number of updated asset objects reloaded before import = 0
Number of asset objects unloaded after import = 4
========================================================================
Received Import Request.
  Time since last request: 6.276664 seconds.
  path: Assets/Prefabs/Buildings/Restaurant.prefab
  artifactKey: Guid(366814349ccef4e91a3b343a33dc8f9e) Importer(815301076,1909f56bfc062723c751e8b465ee728b)
Start importing Assets/Prefabs/Buildings/Restaurant.prefab using Guid(366814349ccef4e91a3b343a33dc8f9e) Importer(815301076,1909f56bfc062723c751e8b465ee728b)  -> (artifact id: '69354237db38867600ba6061cf794b06') in 0.002020 seconds
Number of updated asset objects reloaded before import = 0
Number of asset objects unloaded after import = 6
========================================================================
Received Import Request.
  Time since last request: 1.560963 seconds.
  path: Assets/Prefabs/Buildings/Restaurant.prefab
  artifactKey: Guid(366814349ccef4e91a3b343a33dc8f9e) Importer(815301076,1909f56bfc062723c751e8b465ee728b)
Start importing Assets/Prefabs/Buildings/Restaurant.prefab using Guid(366814349ccef4e91a3b343a33dc8f9e) Importer(815301076,1909f56bfc062723c751e8b465ee728b)  -> (artifact id: 'ae7b3cc0657a5d7b46680f1fbbeb4936') in 0.001613 seconds
Number of updated asset objects reloaded before import = 0
Number of asset objects unloaded after import = 7
========================================================================
Received Import Request.
  Time since last request: 3.581808 seconds.
  path: Assets/Prefabs/Buildings/Restaurant 1.prefab
  artifactKey: Guid(0b5cb7650785a4bccb504a057197845e) Importer(815301076,1909f56bfc062723c751e8b465ee728b)
Start importing Assets/Prefabs/Buildings/Restaurant 1.prefab using Guid(0b5cb7650785a4bccb504a057197845e) Importer(815301076,1909f56bfc062723c751e8b465ee728b)  -> (artifact id: 'a5e9c516c6fd742907b807efd5e4afe5') in 0.001868 seconds
Number of updated asset objects reloaded before import = 0
Number of asset objects unloaded after import = 7
========================================================================
Received Import Request.
  Time since last request: 11.042587 seconds.
  path: Assets/Prefabs/Buildings/FishermansHut.prefab
  artifactKey: Guid(0b5cb7650785a4bccb504a057197845e) Importer(815301076,1909f56bfc062723c751e8b465ee728b)
Start importing Assets/Prefabs/Buildings/FishermansHut.prefab using Guid(0b5cb7650785a4bccb504a057197845e) Importer(815301076,1909f56bfc062723c751e8b465ee728b)  -> (artifact id: '52ecf12bc78e1df2f314c7d6cb470861') in 0.002222 seconds
Number of updated asset objects reloaded before import = 0
Number of asset objects unloaded after import = 7
========================================================================
Received Import Request.
  Time since last request: 4.246694 seconds.
  path: Assets/Prefabs/Buildings/FishermansHut.prefab
  artifactKey: Guid(0b5cb7650785a4bccb504a057197845e) Importer(815301076,1909f56bfc062723c751e8b465ee728b)
Start importing Assets/Prefabs/Buildings/FishermansHut.prefab using Guid(0b5cb7650785a4bccb504a057197845e) Importer(815301076,1909f56bfc062723c751e8b465ee728b)  -> (artifact id: '4a1294e69d08f1766ad84a0bf77bd145') in 0.002406 seconds
Number of updated asset objects reloaded before import = 0
Number of asset objects unloaded after import = 4
========================================================================
Received Import Request.
  Time since last request: 7.861604 seconds.
  path: Assets/Prefabs/Buildings/FishermansHut.prefab
  artifactKey: Guid(0b5cb7650785a4bccb504a057197845e) Importer(815301076,1909f56bfc062723c751e8b465ee728b)
Start importing Assets/Prefabs/Buildings/FishermansHut.prefab using Guid(0b5cb7650785a4bccb504a057197845e) Importer(815301076,1909f56bfc062723c751e8b465ee728b)  -> (artifact id: 'deb2ca1231b7621bb0543c9f69b5a4f7') in 0.002042 seconds
Number of updated asset objects reloaded before import = 0
Number of asset objects unloaded after import = 6
========================================================================
Received Import Request.
  Time since last request: 1.499254 seconds.
  path: Assets/Prefabs/Buildings/FishermansHut.prefab
  artifactKey: Guid(0b5cb7650785a4bccb504a057197845e) Importer(815301076,1909f56bfc062723c751e8b465ee728b)
Start importing Assets/Prefabs/Buildings/FishermansHut.prefab using Guid(0b5cb7650785a4bccb504a057197845e) Importer(815301076,1909f56bfc062723c751e8b465ee728b)  -> (artifact id: '850711eaa44297c827de4eba75f424b0') in 0.002517 seconds
Number of updated asset objects reloaded before import = 0
Number of asset objects unloaded after import = 7
========================================================================
Received Import Request.
  Time since last request: 3.366371 seconds.
  path: Assets/Prefabs/Buildings/WheatFarm 1.prefab
  artifactKey: Guid(31e6afb29268e4999ac07f9756f136ec) Importer(815301076,1909f56bfc062723c751e8b465ee728b)
Start importing Assets/Prefabs/Buildings/WheatFarm 1.prefab using Guid(31e6afb29268e4999ac07f9756f136ec) Importer(815301076,1909f56bfc062723c751e8b465ee728b)  -> (artifact id: '5f1f69cfa62c35f8abaa5c5314eeb8ea') in 0.001953 seconds
Number of updated asset objects reloaded before import = 0
Number of asset objects unloaded after import = 7
========================================================================
Received Import Request.
  Time since last request: 6.540930 seconds.
  path: Assets/Prefabs/Buildings/Vineyard.prefab
  artifactKey: Guid(31e6afb29268e4999ac07f9756f136ec) Importer(815301076,1909f56bfc062723c751e8b465ee728b)
Start importing Assets/Prefabs/Buildings/Vineyard.prefab using Guid(31e6afb29268e4999ac07f9756f136ec) Importer(815301076,1909f56bfc062723c751e8b465ee728b)  -> (artifact id: 'b7fea1867daab722af16a15aadb244e8') in 0.002415 seconds
Number of updated asset objects reloaded before import = 0
Number of asset objects unloaded after import = 7
========================================================================
Received Import Request.
  Time since last request: 5.094993 seconds.
  path: Assets/Prefabs/Buildings/Vineyard.prefab
  artifactKey: Guid(31e6afb29268e4999ac07f9756f136ec) Importer(815301076,1909f56bfc062723c751e8b465ee728b)
Start importing Assets/Prefabs/Buildings/Vineyard.prefab using Guid(31e6afb29268e4999ac07f9756f136ec) Importer(815301076,1909f56bfc062723c751e8b465ee728b)  -> (artifact id: 'd630b66cba9d1947b44845ee1cc1a184') in 0.001425 seconds
Number of updated asset objects reloaded before import = 0
Number of asset objects unloaded after import = 4
========================================================================
Received Import Request.
  Time since last request: 10.530702 seconds.
  path: Assets/Prefabs/Buildings/Vineyard.prefab
  artifactKey: Guid(31e6afb29268e4999ac07f9756f136ec) Importer(815301076,1909f56bfc062723c751e8b465ee728b)
Start importing Assets/Prefabs/Buildings/Vineyard.prefab using Guid(31e6afb29268e4999ac07f9756f136ec) Importer(815301076,1909f56bfc062723c751e8b465ee728b)  -> (artifact id: 'b5715aac8f806a62bbca996e914a1e09') in 0.003101 seconds
Number of updated asset objects reloaded before import = 0
Number of asset objects unloaded after import = 6
========================================================================
Received Import Request.
  Time since last request: 1.366150 seconds.
  path: Assets/Prefabs/Buildings/Vineyard.prefab
  artifactKey: Guid(31e6afb29268e4999ac07f9756f136ec) Importer(815301076,1909f56bfc062723c751e8b465ee728b)
Start importing Assets/Prefabs/Buildings/Vineyard.prefab using Guid(31e6afb29268e4999ac07f9756f136ec) Importer(815301076,1909f56bfc062723c751e8b465ee728b)  -> (artifact id: 'a304bbf67a8ae31a952654da404189c1') in 0.002087 seconds
Number of updated asset objects reloaded before import = 0
Number of asset objects unloaded after import = 7
========================================================================
Received Import Request.
  Time since last request: 3.781130 seconds.
  path: Assets/Prefabs/Buildings/WheatFarm 1.prefab
  artifactKey: Guid(23859632ddc274a6da93b3e4898d103c) Importer(815301076,1909f56bfc062723c751e8b465ee728b)
Start importing Assets/Prefabs/Buildings/WheatFarm 1.prefab using Guid(23859632ddc274a6da93b3e4898d103c) Importer(815301076,1909f56bfc062723c751e8b465ee728b)  -> (artifact id: '8d35b729e45a05caa76d38ef75354771') in 0.002319 seconds
Number of updated asset objects reloaded before import = 0
Number of asset objects unloaded after import = 7
========================================================================
Received Import Request.
  Time since last request: 6.604864 seconds.
  path: Assets/Prefabs/Buildings/GoldMine.prefab
  artifactKey: Guid(23859632ddc274a6da93b3e4898d103c) Importer(815301076,1909f56bfc062723c751e8b465ee728b)
Start importing Assets/Prefabs/Buildings/GoldMine.prefab using Guid(23859632ddc274a6da93b3e4898d103c) Importer(815301076,1909f56bfc062723c751e8b465ee728b)  -> (artifact id: 'd7f926d5a5dd012e65045e44df673a9b') in 0.002667 seconds
Number of updated asset objects reloaded before import = 0
Number of asset objects unloaded after import = 7
========================================================================
Received Import Request.
  Time since last request: 2.697997 seconds.
  path: Assets/Prefabs/Buildings/GoldMine 1.prefab
  artifactKey: Guid(e03d32be355754aab9f381c8cd54068d) Importer(815301076,1909f56bfc062723c751e8b465ee728b)
Start importing Assets/Prefabs/Buildings/GoldMine 1.prefab using Guid(e03d32be355754aab9f381c8cd54068d) Importer(815301076,1909f56bfc062723c751e8b465ee728b)  -> (artifact id: '769c92b7e185c1a88afde2fcc3db73bd') in 0.001767 seconds
Number of updated asset objects reloaded before import = 0
Number of asset objects unloaded after import = 7
========================================================================
Received Import Request.
  Time since last request: 0.718666 seconds.
  path: Assets/Prefabs/Buildings/GoldMine 2.prefab
  artifactKey: Guid(f7076d0fbc59647308d3b67e7991e9d3) Importer(815301076,1909f56bfc062723c751e8b465ee728b)
Start importing Assets/Prefabs/Buildings/GoldMine 2.prefab using Guid(f7076d0fbc59647308d3b67e7991e9d3) Importer(815301076,1909f56bfc062723c751e8b465ee728b)  -> (artifact id: '9d053c280557062ca293940c3df075b3') in 0.003097 seconds
Number of updated asset objects reloaded before import = 0
Number of asset objects unloaded after import = 7
========================================================================
Received Import Request.
  Time since last request: 6.988535 seconds.
  path: Assets/Prefabs/Buildings/GoldMine.prefab
  artifactKey: Guid(23859632ddc274a6da93b3e4898d103c) Importer(815301076,1909f56bfc062723c751e8b465ee728b)
Start importing Assets/Prefabs/Buildings/GoldMine.prefab using Guid(23859632ddc274a6da93b3e4898d103c) Importer(815301076,1909f56bfc062723c751e8b465ee728b)  -> (artifact id: 'a73dfb365db55807991e9aa691aee338') in 0.001628 seconds
Number of updated asset objects reloaded before import = 0
Number of asset objects unloaded after import = 4
========================================================================
Received Import Request.
  Time since last request: 2.084726 seconds.
  path: Assets/Prefabs/Buildings/GoldMine 1.prefab
  artifactKey: Guid(e03d32be355754aab9f381c8cd54068d) Importer(815301076,1909f56bfc062723c751e8b465ee728b)
Start importing Assets/Prefabs/Buildings/GoldMine 1.prefab using Guid(e03d32be355754aab9f381c8cd54068d) Importer(815301076,1909f56bfc062723c751e8b465ee728b)  -> (artifact id: '26283ce81d9d8c66c67ab587b1bf8b0a') in 0.002434 seconds
Number of updated asset objects reloaded before import = 0
Number of asset objects unloaded after import = 4
========================================================================
Received Import Request.
  Time since last request: 2.402057 seconds.
  path: Assets/Prefabs/Buildings/GoldMine 2.prefab
  artifactKey: Guid(f7076d0fbc59647308d3b67e7991e9d3) Importer(815301076,1909f56bfc062723c751e8b465ee728b)
Start importing Assets/Prefabs/Buildings/GoldMine 2.prefab using Guid(f7076d0fbc59647308d3b67e7991e9d3) Importer(815301076,1909f56bfc062723c751e8b465ee728b)  -> (artifact id: '9279946acc0f9885209b0188ec3d62d9') in 0.001704 seconds
Number of updated asset objects reloaded before import = 0
Number of asset objects unloaded after import = 4
========================================================================
Received Import Request.
  Time since last request: 15.382306 seconds.
  path: Assets/Prefabs/Buildings/GoldMine.prefab
  artifactKey: Guid(23859632ddc274a6da93b3e4898d103c) Importer(815301076,1909f56bfc062723c751e8b465ee728b)
Start importing Assets/Prefabs/Buildings/GoldMine.prefab using Guid(23859632ddc274a6da93b3e4898d103c) Importer(815301076,1909f56bfc062723c751e8b465ee728b)  -> (artifact id: 'efa7959d72531979450ac51ee7f867c7') in 0.003897 seconds
Number of updated asset objects reloaded before import = 0
Number of asset objects unloaded after import = 6
========================================================================
Received Import Request.
  Time since last request: 1.375948 seconds.
  path: Assets/Prefabs/Buildings/GoldMine.prefab
  artifactKey: Guid(23859632ddc274a6da93b3e4898d103c) Importer(815301076,1909f56bfc062723c751e8b465ee728b)
Start importing Assets/Prefabs/Buildings/GoldMine.prefab using Guid(23859632ddc274a6da93b3e4898d103c) Importer(815301076,1909f56bfc062723c751e8b465ee728b)  -> (artifact id: '450f2eb187738de70649917c0dc71837') in 0.002249 seconds
Number of updated asset objects reloaded before import = 0
Number of asset objects unloaded after import = 7
========================================================================
Received Import Request.
  Time since last request: 6.088031 seconds.
  path: Assets/Prefabs/Buildings/GoldMine 1.prefab
  artifactKey: Guid(e03d32be355754aab9f381c8cd54068d) Importer(815301076,1909f56bfc062723c751e8b465ee728b)
Start importing Assets/Prefabs/Buildings/GoldMine 1.prefab using Guid(e03d32be355754aab9f381c8cd54068d) Importer(815301076,1909f56bfc062723c751e8b465ee728b)  -> (artifact id: '4ddcaffc8167552ed599c2d170e0d421') in 0.003117 seconds
Number of updated asset objects reloaded before import = 0
Number of asset objects unloaded after import = 6
========================================================================
Received Import Request.
  Time since last request: 1.660994 seconds.
  path: Assets/Prefabs/Buildings/GoldMine 1.prefab
  artifactKey: Guid(e03d32be355754aab9f381c8cd54068d) Importer(815301076,1909f56bfc062723c751e8b465ee728b)
Start importing Assets/Prefabs/Buildings/GoldMine 1.prefab using Guid(e03d32be355754aab9f381c8cd54068d) Importer(815301076,1909f56bfc062723c751e8b465ee728b)  -> (artifact id: 'f7d88b1510c24ddf0e8a055eec69c9c8') in 0.002501 seconds
Number of updated asset objects reloaded before import = 0
Number of asset objects unloaded after import = 7
========================================================================
Received Import Request.
  Time since last request: 9.420850 seconds.
  path: Assets/Prefabs/Buildings/GoldMine 2.prefab
  artifactKey: Guid(f7076d0fbc59647308d3b67e7991e9d3) Importer(815301076,1909f56bfc062723c751e8b465ee728b)
Start importing Assets/Prefabs/Buildings/GoldMine 2.prefab using Guid(f7076d0fbc59647308d3b67e7991e9d3) Importer(815301076,1909f56bfc062723c751e8b465ee728b)  -> (artifact id: '75b40a444c09ebd14a3df607ab5add89') in 0.001817 seconds
Number of updated asset objects reloaded before import = 0
Number of asset objects unloaded after import = 6
========================================================================
Received Import Request.
  Time since last request: 1.343843 seconds.
  path: Assets/Prefabs/Buildings/GoldMine 2.prefab
  artifactKey: Guid(f7076d0fbc59647308d3b67e7991e9d3) Importer(815301076,1909f56bfc062723c751e8b465ee728b)
Start importing Assets/Prefabs/Buildings/GoldMine 2.prefab using Guid(f7076d0fbc59647308d3b67e7991e9d3) Importer(815301076,1909f56bfc062723c751e8b465ee728b)  -> (artifact id: 'e0ec8276a5695e96e6b2024c2e1220c0') in 0.002037 seconds
Number of updated asset objects reloaded before import = 0
Number of asset objects unloaded after import = 7
========================================================================
Received Import Request.
  Time since last request: 6.042067 seconds.
  path: Assets/Prefabs/Buildings/IronMine.prefab
  artifactKey: Guid(e03d32be355754aab9f381c8cd54068d) Importer(815301076,1909f56bfc062723c751e8b465ee728b)
Start importing Assets/Prefabs/Buildings/IronMine.prefab using Guid(e03d32be355754aab9f381c8cd54068d) Importer(815301076,1909f56bfc062723c751e8b465ee728b)  -> (artifact id: '8f5790323cfa368c98244faff77c3845') in 0.002009 seconds
Number of updated asset objects reloaded before import = 0
Number of asset objects unloaded after import = 7
========================================================================
Received Import Request.
  Time since last request: 5.448701 seconds.
  path: Assets/Prefabs/Buildings/CoalMine.prefab
  artifactKey: Guid(f7076d0fbc59647308d3b67e7991e9d3) Importer(815301076,1909f56bfc062723c751e8b465ee728b)
Start importing Assets/Prefabs/Buildings/CoalMine.prefab using Guid(f7076d0fbc59647308d3b67e7991e9d3) Importer(815301076,1909f56bfc062723c751e8b465ee728b)  -> (artifact id: '6ab57e541f87e382494225276b8db388') in 0.001581 seconds
Number of updated asset objects reloaded before import = 0
Number of asset objects unloaded after import = 7
========================================================================
Received Import Request.
  Time since last request: 19.106902 seconds.
  path: Assets/Prefabs/Buildings/WheatFarm 1.prefab
  artifactKey: Guid(407256c9c7b49443aa6de7f85de926b7) Importer(815301076,1909f56bfc062723c751e8b465ee728b)
Start importing Assets/Prefabs/Buildings/WheatFarm 1.prefab using Guid(407256c9c7b49443aa6de7f85de926b7) Importer(815301076,1909f56bfc062723c751e8b465ee728b)  -> (artifact id: '31907b44030ac3f1d75c327aab58f66b') in 0.002750 seconds
Number of updated asset objects reloaded before import = 0
Number of asset objects unloaded after import = 7
========================================================================
Received Import Request.
  Time since last request: 7.259634 seconds.
  path: Assets/Prefabs/Buildings/WeaponsMaker.prefab
  artifactKey: Guid(407256c9c7b49443aa6de7f85de926b7) Importer(815301076,1909f56bfc062723c751e8b465ee728b)
Start importing Assets/Prefabs/Buildings/WeaponsMaker.prefab using Guid(407256c9c7b49443aa6de7f85de926b7) Importer(815301076,1909f56bfc062723c751e8b465ee728b)  -> (artifact id: 'e9d62d20ee136b0d6326f188dc31c257') in 0.001928 seconds
Number of updated asset objects reloaded before import = 0
Number of asset objects unloaded after import = 7
========================================================================
Received Import Request.
  Time since last request: 2.691312 seconds.
  path: Assets/Prefabs/Buildings/WeaponsMaker.prefab
  artifactKey: Guid(407256c9c7b49443aa6de7f85de926b7) Importer(815301076,1909f56bfc062723c751e8b465ee728b)
Start importing Assets/Prefabs/Buildings/WeaponsMaker.prefab using Guid(407256c9c7b49443aa6de7f85de926b7) Importer(815301076,1909f56bfc062723c751e8b465ee728b)  -> (artifact id: 'b46860e6eb2f8244fc716b3b675e5fcf') in 0.001786 seconds
Number of updated asset objects reloaded before import = 0
Number of asset objects unloaded after import = 4
========================================================================
Received Import Request.
  Time since last request: 12.635246 seconds.
  path: Assets/Prefabs/Buildings/WeaponsWorkshop.prefab
  artifactKey: Guid(407256c9c7b49443aa6de7f85de926b7) Importer(815301076,1909f56bfc062723c751e8b465ee728b)
Start importing Assets/Prefabs/Buildings/WeaponsWorkshop.prefab using Guid(407256c9c7b49443aa6de7f85de926b7) Importer(815301076,1909f56bfc062723c751e8b465ee728b)  -> (artifact id: '98e9d0dbd37931e0ed86a5616ae27972') in 0.001637 seconds
Number of updated asset objects reloaded before import = 0
Number of asset objects unloaded after import = 5
========================================================================
Received Import Request.
  Time since last request: 4.141013 seconds.
  path: Assets/Prefabs/Buildings/WeaponsWorkshop.prefab
  artifactKey: Guid(407256c9c7b49443aa6de7f85de926b7) Importer(815301076,1909f56bfc062723c751e8b465ee728b)
Start importing Assets/Prefabs/Buildings/WeaponsWorkshop.prefab using Guid(407256c9c7b49443aa6de7f85de926b7) Importer(815301076,1909f56bfc062723c751e8b465ee728b)  -> (artifact id: 'f977dbbe02ab4a8a1b0d8c1f900db2f1') in 0.002556 seconds
Number of updated asset objects reloaded before import = 0
Number of asset objects unloaded after import = 6
========================================================================
Received Import Request.
  Time since last request: 1.473862 seconds.
  path: Assets/Prefabs/Buildings/WeaponsWorkshop.prefab
  artifactKey: Guid(407256c9c7b49443aa6de7f85de926b7) Importer(815301076,1909f56bfc062723c751e8b465ee728b)
Start importing Assets/Prefabs/Buildings/WeaponsWorkshop.prefab using Guid(407256c9c7b49443aa6de7f85de926b7) Importer(815301076,1909f56bfc062723c751e8b465ee728b)  -> (artifact id: '07b5a4c596aa8448916e19b99158148d') in 0.002583 seconds
Number of updated asset objects reloaded before import = 0
Number of asset objects unloaded after import = 7
========================================================================
Received Import Request.
  Time since last request: 12.657850 seconds.
  path: Assets/Prefabs/Buildings/WheatFarm 1.prefab
  artifactKey: Guid(e08340a44def84013b2f37995121a993) Importer(815301076,1909f56bfc062723c751e8b465ee728b)
Start importing Assets/Prefabs/Buildings/WheatFarm 1.prefab using Guid(e08340a44def84013b2f37995121a993) Importer(815301076,1909f56bfc062723c751e8b465ee728b)  -> (artifact id: '7c057f3bf86d68ad1dd4857b652004cc') in 0.002121 seconds
Number of updated asset objects reloaded before import = 0
Number of asset objects unloaded after import = 7
========================================================================
Received Import Request.
  Time since last request: 4.967804 seconds.
  path: Assets/Prefabs/Buildings/WheatFarm 1.prefab
  artifactKey: Guid(e08340a44def84013b2f37995121a993) Importer(815301076,1909f56bfc062723c751e8b465ee728b)
Start importing Assets/Prefabs/Buildings/WheatFarm 1.prefab using Guid(e08340a44def84013b2f37995121a993) Importer(815301076,1909f56bfc062723c751e8b465ee728b)  -> (artifact id: '71926b1b523ea0c7580242bb97d0c5ab') in 0.003534 seconds
Number of updated asset objects reloaded before import = 0
Number of asset objects unloaded after import = 4
========================================================================
Received Import Request.
  Time since last request: 13.136844 seconds.
  path: Assets/Prefabs/Buildings/ArmorWorkshop.prefab
  artifactKey: Guid(e08340a44def84013b2f37995121a993) Importer(815301076,1909f56bfc062723c751e8b465ee728b)
Start importing Assets/Prefabs/Buildings/ArmorWorkshop.prefab using Guid(e08340a44def84013b2f37995121a993) Importer(815301076,1909f56bfc062723c751e8b465ee728b)  -> (artifact id: '3976ffbac31c8d306a9a5ffdec632385') in 0.001867 seconds
Number of updated asset objects reloaded before import = 0
Number of asset objects unloaded after import = 5
========================================================================
Received Import Request.
  Time since last request: 3.236386 seconds.
  path: Assets/Prefabs/Buildings/ArmorWorkshop.prefab
  artifactKey: Guid(e08340a44def84013b2f37995121a993) Importer(815301076,1909f56bfc062723c751e8b465ee728b)
Start importing Assets/Prefabs/Buildings/ArmorWorkshop.prefab using Guid(e08340a44def84013b2f37995121a993) Importer(815301076,1909f56bfc062723c751e8b465ee728b)  -> (artifact id: 'c44a44bd1d5392bcbdb14760cd8d570a') in 0.002246 seconds
Number of updated asset objects reloaded before import = 0
Number of asset objects unloaded after import = 6
========================================================================
Received Import Request.
  Time since last request: 1.161213 seconds.
  path: Assets/Prefabs/Buildings/ArmorWorkshop.prefab
  artifactKey: Guid(e08340a44def84013b2f37995121a993) Importer(815301076,1909f56bfc062723c751e8b465ee728b)
Start importing Assets/Prefabs/Buildings/ArmorWorkshop.prefab using Guid(e08340a44def84013b2f37995121a993) Importer(815301076,1909f56bfc062723c751e8b465ee728b)  -> (artifact id: 'e75ae1a63755fca572dcafbcf0d3d262') in 0.002163 seconds
Number of updated asset objects reloaded before import = 0
Number of asset objects unloaded after import = 7
========================================================================
Received Import Request.
  Time since last request: 23.455201 seconds.
  path: Assets/Prefabs/Buildings/WheatFarm 1.prefab
  artifactKey: Guid(0022e4d84c8284f40a2eae8f1b15abc1) Importer(815301076,1909f56bfc062723c751e8b465ee728b)
Start importing Assets/Prefabs/Buildings/WheatFarm 1.prefab using Guid(0022e4d84c8284f40a2eae8f1b15abc1) Importer(815301076,1909f56bfc062723c751e8b465ee728b)  -> (artifact id: '1aaa23fec46f42483a9dc6fb51f8d053') in 0.002056 seconds
Number of updated asset objects reloaded before import = 0
Number of asset objects unloaded after import = 7
========================================================================
Received Import Request.
  Time since last request: 2.665136 seconds.
  path: Assets/Prefabs/Buildings/Stable.prefab
  artifactKey: Guid(0022e4d84c8284f40a2eae8f1b15abc1) Importer(815301076,1909f56bfc062723c751e8b465ee728b)
Start importing Assets/Prefabs/Buildings/Stable.prefab using Guid(0022e4d84c8284f40a2eae8f1b15abc1) Importer(815301076,1909f56bfc062723c751e8b465ee728b)  -> (artifact id: '9a52c34f175483b6e5daafdff9b8af13') in 0.002276 seconds
Number of updated asset objects reloaded before import = 0
Number of asset objects unloaded after import = 7
========================================================================
Received Import Request.
  Time since last request: 3.497260 seconds.
  path: Assets/Prefabs/Buildings/Stable.prefab
  artifactKey: Guid(0022e4d84c8284f40a2eae8f1b15abc1) Importer(815301076,1909f56bfc062723c751e8b465ee728b)
Start importing Assets/Prefabs/Buildings/Stable.prefab using Guid(0022e4d84c8284f40a2eae8f1b15abc1) Importer(815301076,1909f56bfc062723c751e8b465ee728b)  -> (artifact id: '6d12098ca0977fce1803bad4849efa95') in 0.002869 seconds
Number of updated asset objects reloaded before import = 0
Number of asset objects unloaded after import = 4
========================================================================
Received Import Request.
  Time since last request: 8.388058 seconds.
  path: Assets/Prefabs/Buildings/Stable.prefab
  artifactKey: Guid(0022e4d84c8284f40a2eae8f1b15abc1) Importer(815301076,1909f56bfc062723c751e8b465ee728b)
Start importing Assets/Prefabs/Buildings/Stable.prefab using Guid(0022e4d84c8284f40a2eae8f1b15abc1) Importer(815301076,1909f56bfc062723c751e8b465ee728b)  -> (artifact id: 'e49bfb96830863624dc79e00d2d86339') in 0.002136 seconds
Number of updated asset objects reloaded before import = 0
Number of asset objects unloaded after import = 6
========================================================================
Received Import Request.
  Time since last request: 1.624755 seconds.
  path: Assets/Prefabs/Buildings/Stable.prefab
  artifactKey: Guid(0022e4d84c8284f40a2eae8f1b15abc1) Importer(815301076,1909f56bfc062723c751e8b465ee728b)
Start importing Assets/Prefabs/Buildings/Stable.prefab using Guid(0022e4d84c8284f40a2eae8f1b15abc1) Importer(815301076,1909f56bfc062723c751e8b465ee728b)  -> (artifact id: 'bf140d8e47db7fcb4e1b497fc8819848') in 0.002019 seconds
Number of updated asset objects reloaded before import = 0
Number of asset objects unloaded after import = 7
========================================================================
Received Import Request.
  Time since last request: 9.779586 seconds.
  path: Assets/Prefabs/Buildings/WheatFarm 1.prefab
  artifactKey: Guid(683d84dafa1c643c4a2e5068c4d0f1af) Importer(815301076,1909f56bfc062723c751e8b465ee728b)
Start importing Assets/Prefabs/Buildings/WheatFarm 1.prefab using Guid(683d84dafa1c643c4a2e5068c4d0f1af) Importer(815301076,1909f56bfc062723c751e8b465ee728b)  -> (artifact id: '85a4f6f59cbb51bd1e814f9f644761eb') in 0.001874 seconds
Number of updated asset objects reloaded before import = 0
Number of asset objects unloaded after import = 7
========================================================================
Received Import Request.
  Time since last request: 0.123611 seconds.
  path: Assets/Prefabs/Buildings/WheatFarm 2.prefab
  artifactKey: Guid(c00fcdc525aa74f6d892ba6a8bbe0949) Importer(815301076,1909f56bfc062723c751e8b465ee728b)
Start importing Assets/Prefabs/Buildings/WheatFarm 2.prefab using Guid(c00fcdc525aa74f6d892ba6a8bbe0949) Importer(815301076,1909f56bfc062723c751e8b465ee728b)  -> (artifact id: '58d13a3b7c35b03b1d96e141c59e5440') in 0.001968 seconds
Number of updated asset objects reloaded before import = 0
Number of asset objects unloaded after import = 7
========================================================================
Received Import Request.
  Time since last request: 3.085078 seconds.
  path: Assets/Prefabs/Buildings/WheatFarm 2.prefab
  artifactKey: Guid(c00fcdc525aa74f6d892ba6a8bbe0949) Importer(815301076,1909f56bfc062723c751e8b465ee728b)
Start importing Assets/Prefabs/Buildings/WheatFarm 2.prefab using Guid(c00fcdc525aa74f6d892ba6a8bbe0949) Importer(815301076,1909f56bfc062723c751e8b465ee728b)  -> (artifact id: '07e3fdf29a6cbe33495950fc8ebd05bc') in 0.001968 seconds
Number of updated asset objects reloaded before import = 0
Number of asset objects unloaded after import = 4
========================================================================
Received Import Request.
  Time since last request: 2.618088 seconds.
  path: Assets/Prefabs/Buildings/WheatFarm 1.prefab
  artifactKey: Guid(683d84dafa1c643c4a2e5068c4d0f1af) Importer(815301076,1909f56bfc062723c751e8b465ee728b)
Start importing Assets/Prefabs/Buildings/WheatFarm 1.prefab using Guid(683d84dafa1c643c4a2e5068c4d0f1af) Importer(815301076,1909f56bfc062723c751e8b465ee728b)  -> (artifact id: 'ec0430765aa19a6a11a3010be2941312') in 0.001540 seconds
Number of updated asset objects reloaded before import = 0
Number of asset objects unloaded after import = 4
========================================================================
Received Import Request.
  Time since last request: 9.671691 seconds.
  path: Assets/Prefabs/Buildings/WheatFarm 2.prefab
  artifactKey: Guid(c00fcdc525aa74f6d892ba6a8bbe0949) Importer(815301076,1909f56bfc062723c751e8b465ee728b)
Start importing Assets/Prefabs/Buildings/WheatFarm 2.prefab using Guid(c00fcdc525aa74f6d892ba6a8bbe0949) Importer(815301076,1909f56bfc062723c751e8b465ee728b)  -> (artifact id: 'ccb13436d68383e7a1c08429da74c95f') in 0.001786 seconds
Number of updated asset objects reloaded before import = 0
Number of asset objects unloaded after import = 6
========================================================================
Received Import Request.
  Time since last request: 1.093460 seconds.
  path: Assets/Prefabs/Buildings/WheatFarm 2.prefab
  artifactKey: Guid(c00fcdc525aa74f6d892ba6a8bbe0949) Importer(815301076,1909f56bfc062723c751e8b465ee728b)
Start importing Assets/Prefabs/Buildings/WheatFarm 2.prefab using Guid(c00fcdc525aa74f6d892ba6a8bbe0949) Importer(815301076,1909f56bfc062723c751e8b465ee728b)  -> (artifact id: '651fb030053ee6a445d5fd957f1410b5') in 0.002024 seconds
Number of updated asset objects reloaded before import = 0
Number of asset objects unloaded after import = 7
========================================================================
Received Import Request.
  Time since last request: 5.984116 seconds.
  path: Assets/Prefabs/Buildings/WheatFarm 1.prefab
  artifactKey: Guid(683d84dafa1c643c4a2e5068c4d0f1af) Importer(815301076,1909f56bfc062723c751e8b465ee728b)
Start importing Assets/Prefabs/Buildings/WheatFarm 1.prefab using Guid(683d84dafa1c643c4a2e5068c4d0f1af) Importer(815301076,1909f56bfc062723c751e8b465ee728b)  -> (artifact id: 'ff0a02bde7dd78ddd14f3f7d65a71ae5') in 0.001843 seconds
Number of updated asset objects reloaded before import = 0
Number of asset objects unloaded after import = 6
========================================================================
Received Import Request.
  Time since last request: 1.520461 seconds.
  path: Assets/Prefabs/Buildings/WheatFarm 1.prefab
  artifactKey: Guid(683d84dafa1c643c4a2e5068c4d0f1af) Importer(815301076,1909f56bfc062723c751e8b465ee728b)
Start importing Assets/Prefabs/Buildings/WheatFarm 1.prefab using Guid(683d84dafa1c643c4a2e5068c4d0f1af) Importer(815301076,1909f56bfc062723c751e8b465ee728b)  -> (artifact id: '32e7b6c3887d4f905883c3316598bc0a') in 0.013515 seconds
Number of updated asset objects reloaded before import = 0
Number of asset objects unloaded after import = 7
========================================================================
Received Import Request.
  Time since last request: 8.202447 seconds.
  path: Assets/Prefabs/Buildings/GoldSmelter.prefab
  artifactKey: Guid(683d84dafa1c643c4a2e5068c4d0f1af) Importer(815301076,1909f56bfc062723c751e8b465ee728b)
Start importing Assets/Prefabs/Buildings/GoldSmelter.prefab using Guid(683d84dafa1c643c4a2e5068c4d0f1af) Importer(815301076,1909f56bfc062723c751e8b465ee728b)  -> (artifact id: 'dd5404c918ca0012199a56833c903412') in 0.003052 seconds
Number of updated asset objects reloaded before import = 0
Number of asset objects unloaded after import = 7
========================================================================
Received Import Request.
  Time since last request: 4.170714 seconds.
  path: Assets/Prefabs/Buildings/IronSmelter.prefab
  artifactKey: Guid(c00fcdc525aa74f6d892ba6a8bbe0949) Importer(815301076,1909f56bfc062723c751e8b465ee728b)
Start importing Assets/Prefabs/Buildings/IronSmelter.prefab using Guid(c00fcdc525aa74f6d892ba6a8bbe0949) Importer(815301076,1909f56bfc062723c751e8b465ee728b)  -> (artifact id: '6499c99e61f1f18e98a94f12f6ffc635') in 0.001977 seconds
Number of updated asset objects reloaded before import = 0
Number of asset objects unloaded after import = 7
========================================================================
Received Import Request.
  Time since last request: 9.437981 seconds.
  path: Assets/Prefabs/Buildings/WheatFarm 1.prefab
  artifactKey: Guid(350d7f1ba28734c4081a6d54a3e281d3) Importer(815301076,1909f56bfc062723c751e8b465ee728b)
Start importing Assets/Prefabs/Buildings/WheatFarm 1.prefab using Guid(350d7f1ba28734c4081a6d54a3e281d3) Importer(815301076,1909f56bfc062723c751e8b465ee728b)  -> (artifact id: '58808580de368ae301f42ee690338fee') in 0.002095 seconds
Number of updated asset objects reloaded before import = 0
Number of asset objects unloaded after import = 7
========================================================================
Received Import Request.
  Time since last request: 0.072614 seconds.
  path: Assets/Prefabs/Buildings/WheatFarm 2.prefab
  artifactKey: Guid(be6acc3fc485647ea8f7e2f19d36e31c) Importer(815301076,1909f56bfc062723c751e8b465ee728b)
Start importing Assets/Prefabs/Buildings/WheatFarm 2.prefab using Guid(be6acc3fc485647ea8f7e2f19d36e31c) Importer(815301076,1909f56bfc062723c751e8b465ee728b)  -> (artifact id: '8937cd1fc7f21691320fcd448259b99b') in 0.002374 seconds
Number of updated asset objects reloaded before import = 0
Number of asset objects unloaded after import = 7
========================================================================
Received Import Request.
  Time since last request: 3.009697 seconds.
  path: Assets/Prefabs/Buildings/WheatFarm 1.prefab
  artifactKey: Guid(350d7f1ba28734c4081a6d54a3e281d3) Importer(815301076,1909f56bfc062723c751e8b465ee728b)
Start importing Assets/Prefabs/Buildings/WheatFarm 1.prefab using Guid(350d7f1ba28734c4081a6d54a3e281d3) Importer(815301076,1909f56bfc062723c751e8b465ee728b)  -> (artifact id: 'd3a2f06b8c92f92f5ddfea683d528b48') in 0.001559 seconds
Number of updated asset objects reloaded before import = 0
Number of asset objects unloaded after import = 4
========================================================================
Received Import Request.
  Time since last request: 8.056230 seconds.
  path: Assets/Prefabs/Buildings/WheatFarm 2.prefab
  artifactKey: Guid(be6acc3fc485647ea8f7e2f19d36e31c) Importer(815301076,1909f56bfc062723c751e8b465ee728b)
Start importing Assets/Prefabs/Buildings/WheatFarm 2.prefab using Guid(be6acc3fc485647ea8f7e2f19d36e31c) Importer(815301076,1909f56bfc062723c751e8b465ee728b)  -> (artifact id: 'be96db75e32eb242c3a7bf87dfe57702') in 0.001542 seconds
Number of updated asset objects reloaded before import = 0
Number of asset objects unloaded after import = 4
========================================================================
Received Import Request.
  Time since last request: 6.978199 seconds.
  path: Assets/Prefabs/Buildings/WheatFarm 2.prefab
  artifactKey: Guid(be6acc3fc485647ea8f7e2f19d36e31c) Importer(815301076,1909f56bfc062723c751e8b465ee728b)
Start importing Assets/Prefabs/Buildings/WheatFarm 2.prefab using Guid(be6acc3fc485647ea8f7e2f19d36e31c) Importer(815301076,1909f56bfc062723c751e8b465ee728b)  -> (artifact id: '5eb74073b9176e7d0db91ca2cb1663e8') in 0.002165 seconds
Number of updated asset objects reloaded before import = 0
Number of asset objects unloaded after import = 6
========================================================================
Received Import Request.
  Time since last request: 1.802624 seconds.
  path: Assets/Prefabs/Buildings/WheatFarm 2.prefab
  artifactKey: Guid(be6acc3fc485647ea8f7e2f19d36e31c) Importer(815301076,1909f56bfc062723c751e8b465ee728b)
Start importing Assets/Prefabs/Buildings/WheatFarm 2.prefab using Guid(be6acc3fc485647ea8f7e2f19d36e31c) Importer(815301076,1909f56bfc062723c751e8b465ee728b)  -> (artifact id: '082174b13610d09171f44f0ac36b82f5') in 0.002064 seconds
Number of updated asset objects reloaded before import = 0
Number of asset objects unloaded after import = 7
========================================================================
Received Import Request.
  Time since last request: 5.120114 seconds.
  path: Assets/Prefabs/Buildings/WheatFarm 1.prefab
  artifactKey: Guid(350d7f1ba28734c4081a6d54a3e281d3) Importer(815301076,1909f56bfc062723c751e8b465ee728b)
Start importing Assets/Prefabs/Buildings/WheatFarm 1.prefab using Guid(350d7f1ba28734c4081a6d54a3e281d3) Importer(815301076,1909f56bfc062723c751e8b465ee728b)  -> (artifact id: '8c7c20dd36f250d49a0c294910912936') in 0.002220 seconds
Number of updated asset objects reloaded before import = 0
Number of asset objects unloaded after import = 6
========================================================================
Received Import Request.
  Time since last request: 1.307852 seconds.
  path: Assets/Prefabs/Buildings/WheatFarm 1.prefab
  artifactKey: Guid(350d7f1ba28734c4081a6d54a3e281d3) Importer(815301076,1909f56bfc062723c751e8b465ee728b)
Start importing Assets/Prefabs/Buildings/WheatFarm 1.prefab using Guid(350d7f1ba28734c4081a6d54a3e281d3) Importer(815301076,1909f56bfc062723c751e8b465ee728b)  -> (artifact id: '274b33f04f523c21138f4d18c5fc041b') in 0.001851 seconds
Number of updated asset objects reloaded before import = 0
Number of asset objects unloaded after import = 7
========================================================================
Received Import Request.
  Time since last request: 8.760802 seconds.
  path: Assets/Prefabs/Buildings/ArmorSmith.prefab
  artifactKey: Guid(350d7f1ba28734c4081a6d54a3e281d3) Importer(815301076,1909f56bfc062723c751e8b465ee728b)
Start importing Assets/Prefabs/Buildings/ArmorSmith.prefab using Guid(350d7f1ba28734c4081a6d54a3e281d3) Importer(815301076,1909f56bfc062723c751e8b465ee728b)  -> (artifact id: '2a78423749077b931befc8509089b33b') in 0.002267 seconds
Number of updated asset objects reloaded before import = 0
Number of asset objects unloaded after import = 7
========================================================================
Received Import Request.
  Time since last request: 9.658904 seconds.
  path: Assets/Prefabs/Buildings/WeaponsSmith.prefab
  artifactKey: Guid(be6acc3fc485647ea8f7e2f19d36e31c) Importer(815301076,1909f56bfc062723c751e8b465ee728b)
Start importing Assets/Prefabs/Buildings/WeaponsSmith.prefab using Guid(be6acc3fc485647ea8f7e2f19d36e31c) Importer(815301076,1909f56bfc062723c751e8b465ee728b)  -> (artifact id: '70776febccc69e6ee915691136e145e7') in 0.003745 seconds
Number of updated asset objects reloaded before import = 0
Number of asset objects unloaded after import = 7
========================================================================
Received Import Request.
  Time since last request: 6.560218 seconds.
  path: Assets/Prefabs/Buildings/WheatFarm 1.prefab
  artifactKey: Guid(ad7afeb8d44f84c62adacba774d8f78e) Importer(815301076,1909f56bfc062723c751e8b465ee728b)
Start importing Assets/Prefabs/Buildings/WheatFarm 1.prefab using Guid(ad7afeb8d44f84c62adacba774d8f78e) Importer(815301076,1909f56bfc062723c751e8b465ee728b)  -> (artifact id: '6af74155ac5631aeaf567f4c315de9b7') in 0.003015 seconds
Number of updated asset objects reloaded before import = 0
Number of asset objects unloaded after import = 7
========================================================================
Received Import Request.
  Time since last request: 3.041850 seconds.
  path: Assets/Prefabs/Buildings/Castle.prefab
  artifactKey: Guid(ad7afeb8d44f84c62adacba774d8f78e) Importer(815301076,1909f56bfc062723c751e8b465ee728b)
Start importing Assets/Prefabs/Buildings/Castle.prefab using Guid(ad7afeb8d44f84c62adacba774d8f78e) Importer(815301076,1909f56bfc062723c751e8b465ee728b)  -> (artifact id: '53168ca74d5dbf99c6f31cd23ce6a085') in 0.001913 seconds
Number of updated asset objects reloaded before import = 0
Number of asset objects unloaded after import = 7
========================================================================
Received Import Request.
  Time since last request: 2.867764 seconds.
  path: Assets/Prefabs/Buildings/Castle.prefab
  artifactKey: Guid(ad7afeb8d44f84c62adacba774d8f78e) Importer(815301076,1909f56bfc062723c751e8b465ee728b)
Start importing Assets/Prefabs/Buildings/Castle.prefab using Guid(ad7afeb8d44f84c62adacba774d8f78e) Importer(815301076,1909f56bfc062723c751e8b465ee728b)  -> (artifact id: '2b67c5468d1fcb03ac0dbea19948311a') in 0.001658 seconds
Number of updated asset objects reloaded before import = 0
Number of asset objects unloaded after import = 4
========================================================================
Received Import Request.
  Time since last request: 6.235099 seconds.
  path: Assets/Prefabs/Buildings/Castle.prefab
  artifactKey: Guid(ad7afeb8d44f84c62adacba774d8f78e) Importer(815301076,1909f56bfc062723c751e8b465ee728b)
Start importing Assets/Prefabs/Buildings/Castle.prefab using Guid(ad7afeb8d44f84c62adacba774d8f78e) Importer(815301076,1909f56bfc062723c751e8b465ee728b)  -> (artifact id: 'ad39907df8ce4472ba49f3a3fea28d9d') in 0.002023 seconds
Number of updated asset objects reloaded before import = 0
Number of asset objects unloaded after import = 6
========================================================================
Received Import Request.
  Time since last request: 1.689965 seconds.
  path: Assets/Prefabs/Buildings/Castle.prefab
  artifactKey: Guid(ad7afeb8d44f84c62adacba774d8f78e) Importer(815301076,1909f56bfc062723c751e8b465ee728b)
Start importing Assets/Prefabs/Buildings/Castle.prefab using Guid(ad7afeb8d44f84c62adacba774d8f78e) Importer(815301076,1909f56bfc062723c751e8b465ee728b)  -> (artifact id: '83930b01d4d6ba9e127af476dcddb4e7') in 0.001891 seconds
Number of updated asset objects reloaded before import = 0
Number of asset objects unloaded after import = 7
========================================================================
Received Import Request.
  Time since last request: 4.028412 seconds.
  path: Assets/Prefabs/Buildings/WheatFarm 1.prefab
  artifactKey: Guid(3806d14dd57804758a97b94632eaa3fd) Importer(815301076,1909f56bfc062723c751e8b465ee728b)
Start importing Assets/Prefabs/Buildings/WheatFarm 1.prefab using Guid(3806d14dd57804758a97b94632eaa3fd) Importer(815301076,1909f56bfc062723c751e8b465ee728b)  -> (artifact id: 'ba195226c4571321ea29585efda0c6ac') in 0.001887 seconds
Number of updated asset objects reloaded before import = 0
Number of asset objects unloaded after import = 7
========================================================================
Received Import Request.
  Time since last request: 5.826053 seconds.
  path: Assets/Prefabs/Buildings/SiegeWorkshop.prefab
  artifactKey: Guid(3806d14dd57804758a97b94632eaa3fd) Importer(815301076,1909f56bfc062723c751e8b465ee728b)
Start importing Assets/Prefabs/Buildings/SiegeWorkshop.prefab using Guid(3806d14dd57804758a97b94632eaa3fd) Importer(815301076,1909f56bfc062723c751e8b465ee728b)  -> (artifact id: 'caa644e44f9c9d4bdf25165506a01a3e') in 0.001962 seconds
Number of updated asset objects reloaded before import = 0
Number of asset objects unloaded after import = 7
========================================================================
Received Import Request.
  Time since last request: 2.777262 seconds.
  path: Assets/Prefabs/Buildings/SiegeWorkshop.prefab
  artifactKey: Guid(3806d14dd57804758a97b94632eaa3fd) Importer(815301076,1909f56bfc062723c751e8b465ee728b)
Start importing Assets/Prefabs/Buildings/SiegeWorkshop.prefab using Guid(3806d14dd57804758a97b94632eaa3fd) Importer(815301076,1909f56bfc062723c751e8b465ee728b)  -> (artifact id: '92d2c9026bec09d02fcc62db99631c1b') in 0.002042 seconds
Number of updated asset objects reloaded before import = 0
Number of asset objects unloaded after import = 4
========================================================================
Received Import Request.
  Time since last request: 5.491506 seconds.
  path: Assets/Prefabs/Buildings/SiegeWorkshop.prefab
  artifactKey: Guid(3806d14dd57804758a97b94632eaa3fd) Importer(815301076,1909f56bfc062723c751e8b465ee728b)
Start importing Assets/Prefabs/Buildings/SiegeWorkshop.prefab using Guid(3806d14dd57804758a97b94632eaa3fd) Importer(815301076,1909f56bfc062723c751e8b465ee728b)  -> (artifact id: 'd9f0bd417fb6930bd26602d490cc5d1b') in 0.002394 seconds
Number of updated asset objects reloaded before import = 0
Number of asset objects unloaded after import = 6
========================================================================
Received Import Request.
  Time since last request: 1.157006 seconds.
  path: Assets/Prefabs/Buildings/SiegeWorkshop.prefab
  artifactKey: Guid(3806d14dd57804758a97b94632eaa3fd) Importer(815301076,1909f56bfc062723c751e8b465ee728b)
Start importing Assets/Prefabs/Buildings/SiegeWorkshop.prefab using Guid(3806d14dd57804758a97b94632eaa3fd) Importer(815301076,1909f56bfc062723c751e8b465ee728b)  -> (artifact id: '7e2cbef07a309d30981734efdbb9ed89') in 0.002319 seconds
Number of updated asset objects reloaded before import = 0
Number of asset objects unloaded after import = 7
========================================================================
Received Import Request.
  Time since last request: 13.053922 seconds.
  path: Assets/Prefabs/Buildings/WheatFarm 1.prefab
  artifactKey: Guid(e205213ededae4d31be7a3cba01de174) Importer(815301076,1909f56bfc062723c751e8b465ee728b)
Start importing Assets/Prefabs/Buildings/WheatFarm 1.prefab using Guid(e205213ededae4d31be7a3cba01de174) Importer(815301076,1909f56bfc062723c751e8b465ee728b)  -> (artifact id: '59b4d81e9b6d3a6b3f1adf98065477bd') in 0.002126 seconds
Number of updated asset objects reloaded before import = 0
Number of asset objects unloaded after import = 7
========================================================================
Received Import Request.
  Time since last request: 5.195366 seconds.
  path: Assets/Prefabs/Buildings/GuardTower.prefab
  artifactKey: Guid(e205213ededae4d31be7a3cba01de174) Importer(815301076,1909f56bfc062723c751e8b465ee728b)
Start importing Assets/Prefabs/Buildings/GuardTower.prefab using Guid(e205213ededae4d31be7a3cba01de174) Importer(815301076,1909f56bfc062723c751e8b465ee728b)  -> (artifact id: 'eba81c4bf30a89daad61003a0ab5608d') in 0.001985 seconds
Number of updated asset objects reloaded before import = 0
Number of asset objects unloaded after import = 7
========================================================================
Received Import Request.
  Time since last request: 3.275616 seconds.
  path: Assets/Prefabs/Buildings/GuardTower.prefab
  artifactKey: Guid(e205213ededae4d31be7a3cba01de174) Importer(815301076,1909f56bfc062723c751e8b465ee728b)
Start importing Assets/Prefabs/Buildings/GuardTower.prefab using Guid(e205213ededae4d31be7a3cba01de174) Importer(815301076,1909f56bfc062723c751e8b465ee728b)  -> (artifact id: '248e70be25bc660b4436d448f891386f') in 0.001867 seconds
Number of updated asset objects reloaded before import = 0
Number of asset objects unloaded after import = 4
========================================================================
Received Import Request.
  Time since last request: 5.919456 seconds.
  path: Assets/Prefabs/Buildings/GuardTower.prefab
  artifactKey: Guid(e205213ededae4d31be7a3cba01de174) Importer(815301076,1909f56bfc062723c751e8b465ee728b)
Start importing Assets/Prefabs/Buildings/GuardTower.prefab using Guid(e205213ededae4d31be7a3cba01de174) Importer(815301076,1909f56bfc062723c751e8b465ee728b)  -> (artifact id: '436eb971c44a957fb2c769f7c38d92e6') in 0.001694 seconds
Number of updated asset objects reloaded before import = 0
Number of asset objects unloaded after import = 6
========================================================================
Received Import Request.
  Time since last request: 1.573375 seconds.
  path: Assets/Prefabs/Buildings/GuardTower.prefab
  artifactKey: Guid(e205213ededae4d31be7a3cba01de174) Importer(815301076,1909f56bfc062723c751e8b465ee728b)
Start importing Assets/Prefabs/Buildings/GuardTower.prefab using Guid(e205213ededae4d31be7a3cba01de174) Importer(815301076,1909f56bfc062723c751e8b465ee728b)  -> (artifact id: 'ed51684349afbb6b2d7cdd53fa3eae0b') in 0.001988 seconds
Number of updated asset objects reloaded before import = 0
Number of asset objects unloaded after import = 7
========================================================================
Received Import Request.
  Time since last request: 101.263807 seconds.
  path: Assets/Prefabs/Buildings/BuildingObjects
  artifactKey: Guid(8063aa68463b9419298c21060b53e481) Importer(815301076,1909f56bfc062723c751e8b465ee728b)
Start importing Assets/Prefabs/Buildings/BuildingObjects using Guid(8063aa68463b9419298c21060b53e481) Importer(815301076,1909f56bfc062723c751e8b465ee728b)  -> (artifact id: 'f13025f1809f0b7feb33a6b4bf3222d7') in 0.000494 seconds
Number of updated asset objects reloaded before import = 0
Number of asset objects unloaded after import = 0
========================================================================
Received Prepare
Begin MonoManager ReloadAssembly
Thread 0x2b18d3000 may have been prematurely finalized
- Loaded All Assemblies, in  0.484 seconds
Refreshing native plugins compatible for Editor in 2.25 ms, found 2 plugins.
Native extension for WindowsStandalone target not found
Native extension for iOS target not found
Native extension for Android target not found
Native extension for OSXStandalone target not found
[Package Manager] Server::EnsureServerProcessIsRunning -- launch failed, reason: Unity was launched with the -noUpm command-line argument
[Package Manager] UpmClient::Send -- Unable to send message (not connected to UPM process).
[Package Manager] Cannot connect to Unity Package Manager local server
Mono: successfully reloaded assembly
- Finished resetting the current domain, in  1.265 seconds
Domain Reload Profiling: 1750ms
	BeginReloadAssembly (141ms)
		ExecutionOrderSort (0ms)
		DisableScriptedObjects (4ms)
		BackupInstance (0ms)
		ReleaseScriptingObjects (0ms)
		CreateAndSetChildDomain (42ms)
	RebuildCommonClasses (29ms)
	RebuildNativeTypeToScriptingClass (8ms)
	initialDomainReloadingComplete (19ms)
	LoadAllAssembliesAndSetupDomain (286ms)
		LoadAssemblies (339ms)
		RebuildTransferFunctionScriptingTraits (0ms)
		AnalyzeDomain (15ms)
			TypeCache.Refresh (10ms)
				TypeCache.ScanAssembly (0ms)
			ScanForSourceGeneratedMonoScriptInfo (0ms)
			ResolveRequiredComponents (4ms)
	FinalizeReload (1266ms)
		ReleaseScriptCaches (0ms)
		RebuildScriptCaches (0ms)
		SetupLoadedEditorAssemblies (363ms)
			LogAssemblyErrors (0ms)
			InitializePlatformSupportModulesInManaged (27ms)
			SetLoadedEditorAssemblies (4ms)
			RefreshPlugins (0ms)
			BeforeProcessingInitializeOnLoad (41ms)
			ProcessInitializeOnLoadAttributes (278ms)
			ProcessInitializeOnLoadMethodAttributes (12ms)
			AfterProcessingInitializeOnLoad (1ms)
			EditorAssembliesLoaded (0ms)
		ExecutionOrderSort2 (0ms)
		AwakeInstancesAfterBackupRestoration (3ms)
Refreshing native plugins compatible for Editor in 2.36 ms, found 2 plugins.
Preloading 0 native plugins for Editor in 0.00 ms.
Unloading 3181 Unused Serialized files (Serialized files now loaded: 0)
Unloading 23 unused Assets / (31.1 KB). Loaded Objects now: 3700.
Memory consumption went from 161.7 MB to 161.7 MB.
Total: 2.817666 ms (FindLiveObjects: 0.130917 ms CreateObjectMapping: 0.038833 ms MarkObjects: 2.603792 ms  DeleteObjects: 0.043458 ms)

Prepare: number of updated asset objects reloaded= 0
AssetImportParameters requested are different than current active one (requested -> active):
  custom:container-demuxer-ogg: 62fdf1f143b41e24485cea50d1cbac27 -> 
  custom:video-decoder-ogg-theora: a1e56fd34408186e4bbccfd4996cb3dc -> 
  custom:CustomObjectIndexerAttribute: 6d391050e5a25f67b0a2c618074f2cd9 -> 
  custom:container-demuxer-webm: 4f35f7cbe854078d1ac9338744f61a02 -> 
  custom:container-muxer-webm: aa71ff27fc2769a1b78a27578f13a17b -> 
  custom:video-decoder-webm-vp8: 9c59270c3fd7afecdb556c50c9e8de78 -> 
  custom:SearchIndexIgnoredProperties: e643bd26f0fe6173181afceb89e7c659 -> 
  custom:AudioImporter_EditorPlatform: 3918e3fc78b5a79bad01e8451be0beb8 -> 
  custom:framework-osx-AVFoundation: e770b220cccbd017edd2c1fefb359320 -> 
  custom:video-encoder-webm-vp8: eb34c28f22e8b96e1ab97ce403110664 -> 
  custom:audio-decoder-ogg-vorbis: bf7c407c2cedff20999df2af8eb42d56 -> 
  custom:audio-encoder-webm-vorbis: bf7c407c2cedff20999df2af8eb42d56 -> 
========================================================================
Received Import Request.
  Time since last request: 1112.004619 seconds.
  path: Assets/Prefabs/Buildings/FoundationAssets/CoalMineFoundation.prefab
  artifactKey: Guid(efe4c83c7d6e34a1190b6fc80affc523) Importer(815301076,1909f56bfc062723c751e8b465ee728b)
Start importing Assets/Prefabs/Buildings/FoundationAssets/CoalMineFoundation.prefab using Guid(efe4c83c7d6e34a1190b6fc80affc523) Importer(815301076,1909f56bfc062723c751e8b465ee728b)  -> (artifact id: '71040575374052e07ed3c341d756134e') in 0.045153 seconds
Number of updated asset objects reloaded before import = 0
Number of asset objects unloaded after import = 9
========================================================================
Received Prepare
Begin MonoManager ReloadAssembly
Thread 0x2a6147000 may have been prematurely finalized
- Loaded All Assemblies, in  0.465 seconds
Refreshing native plugins compatible for Editor in 2.48 ms, found 2 plugins.
Native extension for WindowsStandalone target not found
Native extension for iOS target not found
Native extension for Android target not found
Native extension for OSXStandalone target not found
[Package Manager] Server::EnsureServerProcessIsRunning -- launch failed, reason: Unity was launched with the -noUpm command-line argument
[Package Manager] UpmClient::Send -- Unable to send message (not connected to UPM process).
[Package Manager] Cannot connect to Unity Package Manager local server
Mono: successfully reloaded assembly
- Finished resetting the current domain, in  1.050 seconds
Domain Reload Profiling: 1515ms
	BeginReloadAssembly (117ms)
		ExecutionOrderSort (0ms)
		DisableScriptedObjects (3ms)
		BackupInstance (0ms)
		ReleaseScriptingObjects (0ms)
		CreateAndSetChildDomain (29ms)
	RebuildCommonClasses (31ms)
	RebuildNativeTypeToScriptingClass (9ms)
	initialDomainReloadingComplete (18ms)
	LoadAllAssembliesAndSetupDomain (290ms)
		LoadAssemblies (340ms)
		RebuildTransferFunctionScriptingTraits (0ms)
		AnalyzeDomain (11ms)
			TypeCache.Refresh (6ms)
				TypeCache.ScanAssembly (0ms)
			ScanForSourceGeneratedMonoScriptInfo (0ms)
			ResolveRequiredComponents (4ms)
	FinalizeReload (1051ms)
		ReleaseScriptCaches (0ms)
		RebuildScriptCaches (0ms)
		SetupLoadedEditorAssemblies (364ms)
			LogAssemblyErrors (0ms)
			InitializePlatformSupportModulesInManaged (28ms)
			SetLoadedEditorAssemblies (4ms)
			RefreshPlugins (0ms)
			BeforeProcessingInitializeOnLoad (41ms)
			ProcessInitializeOnLoadAttributes (279ms)
			ProcessInitializeOnLoadMethodAttributes (12ms)
			AfterProcessingInitializeOnLoad (1ms)
			EditorAssembliesLoaded (0ms)
		ExecutionOrderSort2 (0ms)
		AwakeInstancesAfterBackupRestoration (3ms)
Refreshing native plugins compatible for Editor in 2.42 ms, found 2 plugins.
Preloading 0 native plugins for Editor in 0.00 ms.
Unloading 3181 Unused Serialized files (Serialized files now loaded: 0)
Unloading 23 unused Assets / (31.1 KB). Loaded Objects now: 3703.
Memory consumption went from 172.2 MB to 172.2 MB.
Total: 2.590958 ms (FindLiveObjects: 0.119167 ms CreateObjectMapping: 0.039584 ms MarkObjects: 2.394625 ms  DeleteObjects: 0.037166 ms)

Prepare: number of updated asset objects reloaded= 0
AssetImportParameters requested are different than current active one (requested -> active):
  custom:container-demuxer-ogg: 62fdf1f143b41e24485cea50d1cbac27 -> 
  custom:video-decoder-ogg-theora: a1e56fd34408186e4bbccfd4996cb3dc -> 
  custom:CustomObjectIndexerAttribute: 6d391050e5a25f67b0a2c618074f2cd9 -> 
  custom:container-demuxer-webm: 4f35f7cbe854078d1ac9338744f61a02 -> 
  custom:container-muxer-webm: aa71ff27fc2769a1b78a27578f13a17b -> 
  custom:video-decoder-webm-vp8: 9c59270c3fd7afecdb556c50c9e8de78 -> 
  custom:SearchIndexIgnoredProperties: e643bd26f0fe6173181afceb89e7c659 -> 
  custom:AudioImporter_EditorPlatform: 3918e3fc78b5a79bad01e8451be0beb8 -> 
  custom:framework-osx-AVFoundation: e770b220cccbd017edd2c1fefb359320 -> 
  custom:video-encoder-webm-vp8: eb34c28f22e8b96e1ab97ce403110664 -> 
  custom:audio-decoder-ogg-vorbis: bf7c407c2cedff20999df2af8eb42d56 -> 
  custom:audio-encoder-webm-vorbis: bf7c407c2cedff20999df2af8eb42d56 -> 
========================================================================
Received Prepare
Begin MonoManager ReloadAssembly
Thread 0x2a1aa3000 may have been prematurely finalized
- Loaded All Assemblies, in  0.454 seconds
Refreshing native plugins compatible for Editor in 3.01 ms, found 2 plugins.
Native extension for WindowsStandalone target not found
Native extension for iOS target not found
Native extension for Android target not found
Native extension for OSXStandalone target not found
[Package Manager] Server::EnsureServerProcessIsRunning -- launch failed, reason: Unity was launched with the -noUpm command-line argument
[Package Manager] UpmClient::Send -- Unable to send message (not connected to UPM process).
[Package Manager] Cannot connect to Unity Package Manager local server
Mono: successfully reloaded assembly
- Finished resetting the current domain, in  1.409 seconds
Domain Reload Profiling: 1863ms
	BeginReloadAssembly (147ms)
		ExecutionOrderSort (0ms)
		DisableScriptedObjects (4ms)
		BackupInstance (0ms)
		ReleaseScriptingObjects (0ms)
		CreateAndSetChildDomain (39ms)
	RebuildCommonClasses (30ms)
	RebuildNativeTypeToScriptingClass (9ms)
	initialDomainReloadingComplete (18ms)
	LoadAllAssembliesAndSetupDomain (251ms)
		LoadAssemblies (316ms)
		RebuildTransferFunctionScriptingTraits (0ms)
		AnalyzeDomain (12ms)
			TypeCache.Refresh (7ms)
				TypeCache.ScanAssembly (0ms)
			ScanForSourceGeneratedMonoScriptInfo (0ms)
			ResolveRequiredComponents (4ms)
	FinalizeReload (1409ms)
		ReleaseScriptCaches (0ms)
		RebuildScriptCaches (0ms)
		SetupLoadedEditorAssemblies (384ms)
			LogAssemblyErrors (0ms)
			InitializePlatformSupportModulesInManaged (34ms)
			SetLoadedEditorAssemblies (4ms)
			RefreshPlugins (0ms)
			BeforeProcessingInitializeOnLoad (42ms)
			ProcessInitializeOnLoadAttributes (290ms)
			ProcessInitializeOnLoadMethodAttributes (13ms)
			AfterProcessingInitializeOnLoad (1ms)
			EditorAssembliesLoaded (0ms)
		ExecutionOrderSort2 (0ms)
		AwakeInstancesAfterBackupRestoration (3ms)
Refreshing native plugins compatible for Editor in 4.36 ms, found 2 plugins.
Preloading 0 native plugins for Editor in 0.00 ms.
Unloading 3182 Unused Serialized files (Serialized files now loaded: 0)
Unloading 23 unused Assets / (31.1 KB). Loaded Objects now: 3706.
Memory consumption went from 182.4 MB to 182.4 MB.
Total: 10.081333 ms (FindLiveObjects: 0.128500 ms CreateObjectMapping: 0.039125 ms MarkObjects: 9.849667 ms  DeleteObjects: 0.062791 ms)

Prepare: number of updated asset objects reloaded= 0
AssetImportParameters requested are different than current active one (requested -> active):
  custom:container-demuxer-ogg: 62fdf1f143b41e24485cea50d1cbac27 -> 
  custom:video-decoder-ogg-theora: a1e56fd34408186e4bbccfd4996cb3dc -> 
  custom:CustomObjectIndexerAttribute: 6d391050e5a25f67b0a2c618074f2cd9 -> 
  custom:container-demuxer-webm: 4f35f7cbe854078d1ac9338744f61a02 -> 
  custom:container-muxer-webm: aa71ff27fc2769a1b78a27578f13a17b -> 
  custom:video-decoder-webm-vp8: 9c59270c3fd7afecdb556c50c9e8de78 -> 
  custom:SearchIndexIgnoredProperties: e643bd26f0fe6173181afceb89e7c659 -> 
  custom:AudioImporter_EditorPlatform: 3918e3fc78b5a79bad01e8451be0beb8 -> 
  custom:framework-osx-AVFoundation: e770b220cccbd017edd2c1fefb359320 -> 
  custom:video-encoder-webm-vp8: eb34c28f22e8b96e1ab97ce403110664 -> 
  custom:audio-decoder-ogg-vorbis: bf7c407c2cedff20999df2af8eb42d56 -> 
  custom:audio-encoder-webm-vorbis: bf7c407c2cedff20999df2af8eb42d56 -> 
========================================================================
Received Prepare
Begin MonoManager ReloadAssembly
Thread 0x2a1aa3000 may have been prematurely finalized
- Loaded All Assemblies, in  0.550 seconds
Refreshing native plugins compatible for Editor in 3.14 ms, found 2 plugins.
Native extension for WindowsStandalone target not found
Native extension for iOS target not found
Native extension for Android target not found
Native extension for OSXStandalone target not found
[Package Manager] Server::EnsureServerProcessIsRunning -- launch failed, reason: Unity was launched with the -noUpm command-line argument
[Package Manager] UpmClient::Send -- Unable to send message (not connected to UPM process).
[Package Manager] Cannot connect to Unity Package Manager local server
Mono: successfully reloaded assembly
- Finished resetting the current domain, in  5.020 seconds
Domain Reload Profiling: 5571ms
	BeginReloadAssembly (176ms)
		ExecutionOrderSort (0ms)
		DisableScriptedObjects (4ms)
		BackupInstance (0ms)
		ReleaseScriptingObjects (0ms)
		CreateAndSetChildDomain (72ms)
	RebuildCommonClasses (37ms)
	RebuildNativeTypeToScriptingClass (9ms)
	initialDomainReloadingComplete (19ms)
	LoadAllAssembliesAndSetupDomain (308ms)
		LoadAssemblies (359ms)
		RebuildTransferFunctionScriptingTraits (0ms)
		AnalyzeDomain (22ms)
			TypeCache.Refresh (12ms)
				TypeCache.ScanAssembly (1ms)
			ScanForSourceGeneratedMonoScriptInfo (6ms)
			ResolveRequiredComponents (4ms)
	FinalizeReload (5021ms)
		ReleaseScriptCaches (0ms)
		RebuildScriptCaches (0ms)
		SetupLoadedEditorAssemblies (366ms)
			LogAssemblyErrors (0ms)
			InitializePlatformSupportModulesInManaged (27ms)
			SetLoadedEditorAssemblies (4ms)
			RefreshPlugins (0ms)
			BeforeProcessingInitializeOnLoad (41ms)
			ProcessInitializeOnLoadAttributes (281ms)
			ProcessInitializeOnLoadMethodAttributes (12ms)
			AfterProcessingInitializeOnLoad (1ms)
			EditorAssembliesLoaded (0ms)
		ExecutionOrderSort2 (0ms)
		AwakeInstancesAfterBackupRestoration (3ms)
Refreshing native plugins compatible for Editor in 6.20 ms, found 2 plugins.
Preloading 0 native plugins for Editor in 0.00 ms.
Unloading 3182 Unused Serialized files (Serialized files now loaded: 0)
Unloading 23 unused Assets / (31.2 KB). Loaded Objects now: 3709.
Memory consumption went from 192.4 MB to 192.4 MB.
Total: 2.854583 ms (FindLiveObjects: 0.140417 ms CreateObjectMapping: 0.041875 ms MarkObjects: 2.600333 ms  DeleteObjects: 0.071458 ms)

Prepare: number of updated asset objects reloaded= 0
AssetImportParameters requested are different than current active one (requested -> active):
  custom:container-demuxer-ogg: 62fdf1f143b41e24485cea50d1cbac27 -> 
  custom:video-decoder-ogg-theora: a1e56fd34408186e4bbccfd4996cb3dc -> 
  custom:CustomObjectIndexerAttribute: 6d391050e5a25f67b0a2c618074f2cd9 -> 
  custom:container-demuxer-webm: 4f35f7cbe854078d1ac9338744f61a02 -> 
  custom:container-muxer-webm: aa71ff27fc2769a1b78a27578f13a17b -> 
  custom:video-decoder-webm-vp8: 9c59270c3fd7afecdb556c50c9e8de78 -> 
  custom:SearchIndexIgnoredProperties: e643bd26f0fe6173181afceb89e7c659 -> 
  custom:AudioImporter_EditorPlatform: 3918e3fc78b5a79bad01e8451be0beb8 -> 
  custom:framework-osx-AVFoundation: e770b220cccbd017edd2c1fefb359320 -> 
  custom:video-encoder-webm-vp8: eb34c28f22e8b96e1ab97ce403110664 -> 
  custom:audio-decoder-ogg-vorbis: bf7c407c2cedff20999df2af8eb42d56 -> 
  custom:audio-encoder-webm-vorbis: bf7c407c2cedff20999df2af8eb42d56 -> 
========================================================================
Received Prepare
Begin MonoManager ReloadAssembly
Thread 0x16d703000 may have been prematurely finalized
- Loaded All Assemblies, in  0.643 seconds
Refreshing native plugins compatible for Editor in 3.74 ms, found 2 plugins.
Native extension for WindowsStandalone target not found
Native extension for iOS target not found
Native extension for Android target not found
Native extension for OSXStandalone target not found
[Package Manager] Server::EnsureServerProcessIsRunning -- launch failed, reason: Unity was launched with the -noUpm command-line argument
[Package Manager] UpmClient::Send -- Unable to send message (not connected to UPM process).
[Package Manager] Cannot connect to Unity Package Manager local server
Mono: successfully reloaded assembly
- Finished resetting the current domain, in  0.942 seconds
Domain Reload Profiling: 1584ms
	BeginReloadAssembly (128ms)
		ExecutionOrderSort (0ms)
		DisableScriptedObjects (3ms)
		BackupInstance (0ms)
		ReleaseScriptingObjects (0ms)
		CreateAndSetChildDomain (30ms)
	RebuildCommonClasses (33ms)
	RebuildNativeTypeToScriptingClass (14ms)
	initialDomainReloadingComplete (16ms)
	LoadAllAssembliesAndSetupDomain (452ms)
		LoadAssemblies (512ms)
		RebuildTransferFunctionScriptingTraits (0ms)
		AnalyzeDomain (10ms)
			TypeCache.Refresh (5ms)
				TypeCache.ScanAssembly (0ms)
			ScanForSourceGeneratedMonoScriptInfo (0ms)
			ResolveRequiredComponents (4ms)
	FinalizeReload (942ms)
		ReleaseScriptCaches (0ms)
		RebuildScriptCaches (0ms)
		SetupLoadedEditorAssemblies (368ms)
			LogAssemblyErrors (0ms)
			InitializePlatformSupportModulesInManaged (28ms)
			SetLoadedEditorAssemblies (4ms)
			RefreshPlugins (0ms)
			BeforeProcessingInitializeOnLoad (41ms)
			ProcessInitializeOnLoadAttributes (281ms)
			ProcessInitializeOnLoadMethodAttributes (13ms)
			AfterProcessingInitializeOnLoad (1ms)
			EditorAssembliesLoaded (0ms)
		ExecutionOrderSort2 (0ms)
		AwakeInstancesAfterBackupRestoration (3ms)
Refreshing native plugins compatible for Editor in 2.00 ms, found 2 plugins.
Preloading 0 native plugins for Editor in 0.00 ms.
Unloading 3182 Unused Serialized files (Serialized files now loaded: 0)
Unloading 23 unused Assets / (31.1 KB). Loaded Objects now: 3712.
Memory consumption went from 202.4 MB to 202.4 MB.
Total: 5.756375 ms (FindLiveObjects: 0.126292 ms CreateObjectMapping: 0.039875 ms MarkObjects: 5.542583 ms  DeleteObjects: 0.047041 ms)

Prepare: number of updated asset objects reloaded= 0
AssetImportParameters requested are different than current active one (requested -> active):
  custom:container-demuxer-ogg: 62fdf1f143b41e24485cea50d1cbac27 -> 
  custom:video-decoder-ogg-theora: a1e56fd34408186e4bbccfd4996cb3dc -> 
  custom:CustomObjectIndexerAttribute: 6d391050e5a25f67b0a2c618074f2cd9 -> 
  custom:container-demuxer-webm: 4f35f7cbe854078d1ac9338744f61a02 -> 
  custom:container-muxer-webm: aa71ff27fc2769a1b78a27578f13a17b -> 
  custom:video-decoder-webm-vp8: 9c59270c3fd7afecdb556c50c9e8de78 -> 
  custom:SearchIndexIgnoredProperties: e643bd26f0fe6173181afceb89e7c659 -> 
  custom:AudioImporter_EditorPlatform: 3918e3fc78b5a79bad01e8451be0beb8 -> 
  custom:framework-osx-AVFoundation: e770b220cccbd017edd2c1fefb359320 -> 
  custom:video-encoder-webm-vp8: eb34c28f22e8b96e1ab97ce403110664 -> 
  custom:audio-decoder-ogg-vorbis: bf7c407c2cedff20999df2af8eb42d56 -> 
  custom:audio-encoder-webm-vorbis: bf7c407c2cedff20999df2af8eb42d56 -> 
========================================================================
Received Prepare
Begin MonoManager ReloadAssembly
Thread 0x2a7687000 may have been prematurely finalized
- Loaded All Assemblies, in  0.599 seconds
Refreshing native plugins compatible for Editor in 2.96 ms, found 2 plugins.
